<?xml version="1.0" encoding="UTF-8"?>
<testng-results ignored="0" total="1" passed="1" failed="0" skipped="0">
  <reporter-output>
  </reporter-output>
  <suite started-at="2022-07-07T09:54:14 IST" name="Default suite" finished-at="2022-07-07T09:55:22 IST" duration-ms="67966">
    <groups>
    </groups>
    <test started-at="2022-07-07T09:54:14 IST" name="Default test" finished-at="2022-07-07T09:55:22 IST" duration-ms="67966">
      <class name="driverMethods.ApiDemosScenario">
        <test-method signature="scenario()[pri:0, instance:driverMethods.ApiDemosScenario@4b013c76]" started-at="2022-07-07T09:54:14 IST" name="scenario" finished-at="2022-07-07T09:55:22 IST" duration-ms="67900" status="PASS">
          <reporter-output>
          </reporter-output>
        </test-method> <!-- scenario -->
      </class> <!-- driverMethods.ApiDemosScenario -->
    </test> <!-- Default test -->
  </suite> <!-- Default suite -->
</testng-results>
